<?xml version="1.0" encoding="UTF-8"?>
<!-- Generated by org.testng.reporters.JUnitReportReporter -->
<testsuite name="test.HomePage_Test" tests="2" time="43.380" ignored="0" failures="0" timestamp="20 Feb 2020 06:47:51 GMT" skipped="0" hostname="DESKTOP-QOTAEMV" errors="0">
  <testcase name="TC_002" time="23.660" classname="test.HomePage_Test"/>
  <testcase name="TC_001" time="19.720" classname="test.HomePage_Test"/>
</testsuite> <!-- test.HomePage_Test -->
