<?xml version="1.0" encoding="UTF-8"?>
<!-- Generated by org.testng.reporters.JUnitReportReporter -->
<testsuite name="test.TestGuru99MultipleSession" tests="1" time="0.013" ignored="0" failures="0" timestamp="19 Feb 2020 06:09:42 GMT" skipped="0" hostname="DESKTOP-QOTAEMV" errors="0">
  <testcase name="TC_001" time="0.013" classname="test.TestGuru99MultipleSession"/>
</testsuite> <!-- test.TestGuru99MultipleSession -->
