<?xml version="1.0" encoding="UTF-8"?>
<!-- Generated by org.testng.reporters.JUnitReportReporter -->
<testsuite name="test.HomePage_Test" tests="2" time="54.866" ignored="0" failures="0" timestamp="19 Feb 2020 06:27:20 GMT" skipped="0" hostname="DESKTOP-QOTAEMV" errors="0">
  <testcase name="TC_001" time="32.081" classname="test.HomePage_Test"/>
  <testcase name="TC_002" time="22.785" classname="test.HomePage_Test"/>
</testsuite> <!-- test.HomePage_Test -->
